<?xml version="1.0" encoding="UTF-8"?>
<!-- Generated by org.testng.reporters.JUnitReportReporter -->
<testsuite hostname="DESKTOP-CCT404T" failures="0" tests="2" name="com.evaa.vtiger.testcases.LeadsTestScripts" time="25.791" errors="0" timestamp="2025-09-07T13:56:26 EDT" skipped="0">
  <testcase classname="com.evaa.vtiger.testcases.LeadsTestScripts" name="vt001VerifyLeadWithRequiredFields" time="17.096"/>
  <testcase classname="com.evaa.vtiger.testcases.LeadsTestScripts" name="vt002VerifyLeadWithAllFields" time="8.695"/>
</testsuite> <!-- com.evaa.vtiger.testcases.LeadsTestScripts -->
